This file contains any messages produced by compilers while
running configure, to aid debugging if configure makes a mistake.

It was created by vxlan configure 0.1.0, which was
generated by GNU Autoconf 2.67.  Invocation command line was

  $ ./configure 

## --------- ##
## Platform. ##
## --------- ##

hostname = coda-server.sfc.wide.ad.jp
uname -m = i686
uname -r = 2.6.32-5-686
uname -s = Linux
uname -v = #1 SMP Mon Oct 3 04:15:24 UTC 2011

/usr/bin/uname -p = unknown
/bin/uname -X     = unknown

/bin/arch              = unknown
/usr/bin/arch -k       = unknown
/usr/convex/getsysinfo = unknown
/usr/bin/hostinfo      = unknown
/bin/machine           = unknown
/usr/bin/oslevel       = unknown
/bin/universe          = unknown

PATH: ./
PATH: /bin
PATH: /sbin
PATH: /usr/bin
PATH: /usr/sbin
PATH: /usr/local/bin
PATH: /usr/local/sbin
PATH: /usr/games


## ----------- ##
## Core tests. ##
## ----------- ##

configure:2048: checking for a BSD-compatible install
configure:2116: result: /usr/bin/install -c
configure:2127: checking whether build environment is sane
configure:2177: result: yes
configure:2318: checking for a thread-safe mkdir -p
configure:2357: result: /bin/mkdir -p
configure:2370: checking for gawk
configure:2400: result: no
configure:2370: checking for mawk
configure:2386: found /usr/bin/mawk
configure:2397: result: mawk
configure:2408: checking whether make sets $(MAKE)
configure:2430: result: yes
configure:2585: checking for gcc
configure:2601: found /usr/bin/gcc
configure:2612: result: gcc
configure:2841: checking for C compiler version
configure:2850: gcc --version >&5
gcc (Debian 4.4.5-8) 4.4.5
Copyright (C) 2010 Free Software Foundation, Inc.
This is free software; see the source for copying conditions.  There is NO
warranty; not even for MERCHANTABILITY or FITNESS FOR A PARTICULAR PURPOSE.

configure:2861: $? = 0
configure:2850: gcc -v >&5
Using built-in specs.
Target: i486-linux-gnu
Configured with: ../src/configure -v --with-pkgversion='Debian 4.4.5-8' --with-bugurl=file:///usr/share/doc/gcc-4.4/README.Bugs --enable-languages=c,c++,fortran,objc,obj-c++ --prefix=/usr --program-suffix=-4.4 --enable-shared --enable-multiarch --enable-linker-build-id --with-system-zlib --libexecdir=/usr/lib --without-included-gettext --enable-threads=posix --with-gxx-include-dir=/usr/include/c++/4.4 --libdir=/usr/lib --enable-nls --enable-clocale=gnu --enable-libstdcxx-debug --enable-objc-gc --enable-targets=all --with-arch-32=i586 --with-tune=generic --enable-checking=release --build=i486-linux-gnu --host=i486-linux-gnu --target=i486-linux-gnu
Thread model: posix
gcc version 4.4.5 (Debian 4.4.5-8) 
configure:2861: $? = 0
configure:2850: gcc -V >&5
gcc: '-V' option must have argument
configure:2861: $? = 1
configure:2850: gcc -qversion >&5
gcc: unrecognized option '-qversion'
gcc: no input files
configure:2861: $? = 1
configure:2881: checking whether the C compiler works
configure:2903: gcc    conftest.c  >&5
configure:2907: $? = 0
configure:2955: result: yes
configure:2958: checking for C compiler default output file name
configure:2960: result: a.out
configure:2966: checking for suffix of executables
configure:2973: gcc -o conftest    conftest.c  >&5
configure:2977: $? = 0
configure:2999: result: 
configure:3021: checking whether we are cross compiling
configure:3029: gcc -o conftest    conftest.c  >&5
configure:3033: $? = 0
configure:3040: ./conftest
configure:3044: $? = 0
configure:3059: result: no
configure:3064: checking for suffix of object files
configure:3086: gcc -c   conftest.c >&5
configure:3090: $? = 0
configure:3111: result: o
configure:3115: checking whether we are using the GNU C compiler
configure:3134: gcc -c   conftest.c >&5
configure:3134: $? = 0
configure:3143: result: yes
configure:3152: checking whether gcc accepts -g
configure:3172: gcc -c -g  conftest.c >&5
configure:3172: $? = 0
configure:3213: result: yes
configure:3230: checking for gcc option to accept ISO C89
configure:3294: gcc  -c -g -O2  conftest.c >&5
configure:3294: $? = 0
configure:3307: result: none needed
configure:3338: checking for style of include used by make
configure:3366: result: GNU
configure:3391: checking dependency style of gcc
configure:3501: result: gcc3
configure:3528: checking how to run the C preprocessor
configure:3559: gcc -E  conftest.c
configure:3559: $? = 0
configure:3573: gcc -E  conftest.c
conftest.c:11:28: error: ac_nonexistent.h: No such file or directory
configure:3573: $? = 1
configure: failed program was:
| /* confdefs.h */
| #define PACKAGE_NAME "vxlan"
| #define PACKAGE_TARNAME "vxlan"
| #define PACKAGE_VERSION "0.1.0"
| #define PACKAGE_STRING "vxlan 0.1.0"
| #define PACKAGE_BUGREPORT "bug@scyphus.co.jp"
| #define PACKAGE_URL ""
| #define PACKAGE "vxlan"
| #define VERSION "0.1.0"
| /* end confdefs.h.  */
| #include <ac_nonexistent.h>
configure:3598: result: gcc -E
configure:3618: gcc -E  conftest.c
configure:3618: $? = 0
configure:3632: gcc -E  conftest.c
conftest.c:11:28: error: ac_nonexistent.h: No such file or directory
configure:3632: $? = 1
configure: failed program was:
| /* confdefs.h */
| #define PACKAGE_NAME "vxlan"
| #define PACKAGE_TARNAME "vxlan"
| #define PACKAGE_VERSION "0.1.0"
| #define PACKAGE_STRING "vxlan 0.1.0"
| #define PACKAGE_BUGREPORT "bug@scyphus.co.jp"
| #define PACKAGE_URL ""
| #define PACKAGE "vxlan"
| #define VERSION "0.1.0"
| /* end confdefs.h.  */
| #include <ac_nonexistent.h>
configure:3661: checking for grep that handles long lines and -e
configure:3719: result: /bin/grep
configure:3724: checking for egrep
configure:3786: result: /bin/grep -E
configure:3791: checking for ANSI C header files
configure:3811: gcc -c -g -O2  conftest.c >&5
configure:3811: $? = 0
configure:3884: gcc -o conftest -g -O2   conftest.c  >&5
configure:3884: $? = 0
configure:3884: ./conftest
configure:3884: $? = 0
configure:3895: result: yes
configure:3908: checking for sys/types.h
configure:3908: gcc -c -g -O2  conftest.c >&5
configure:3908: $? = 0
configure:3908: result: yes
configure:3908: checking for sys/stat.h
configure:3908: gcc -c -g -O2  conftest.c >&5
configure:3908: $? = 0
configure:3908: result: yes
configure:3908: checking for stdlib.h
configure:3908: gcc -c -g -O2  conftest.c >&5
configure:3908: $? = 0
configure:3908: result: yes
configure:3908: checking for string.h
configure:3908: gcc -c -g -O2  conftest.c >&5
configure:3908: $? = 0
configure:3908: result: yes
configure:3908: checking for memory.h
configure:3908: gcc -c -g -O2  conftest.c >&5
configure:3908: $? = 0
configure:3908: result: yes
configure:3908: checking for strings.h
configure:3908: gcc -c -g -O2  conftest.c >&5
configure:3908: $? = 0
configure:3908: result: yes
configure:3908: checking for inttypes.h
configure:3908: gcc -c -g -O2  conftest.c >&5
configure:3908: $? = 0
configure:3908: result: yes
configure:3908: checking for stdint.h
configure:3908: gcc -c -g -O2  conftest.c >&5
configure:3908: $? = 0
configure:3908: result: yes
configure:3908: checking for unistd.h
configure:3908: gcc -c -g -O2  conftest.c >&5
configure:3908: $? = 0
configure:3908: result: yes
configure:3922: checking for stdlib.h
configure:3922: result: yes
configure:3934: checking for an ANSI C-conforming const
configure:3999: gcc -c -g -O2  conftest.c >&5
configure:3999: $? = 0
configure:4006: result: yes
configure:4143: creating ./config.status

## ---------------------- ##
## Running config.status. ##
## ---------------------- ##

This file was extended by vxlan config.status 0.1.0, which was
generated by GNU Autoconf 2.67.  Invocation command line was

  CONFIG_FILES    = 
  CONFIG_HEADERS  = 
  CONFIG_LINKS    = 
  CONFIG_COMMANDS = 
  $ ./config.status 

on coda-server.sfc.wide.ad.jp

config.status:860: creating Makefile
config.status:860: creating config.h
config.status:1040: config.h is unchanged
config.status:1088: executing depfiles commands

## ---------------- ##
## Cache variables. ##
## ---------------- ##

ac_cv_c_compiler_gnu=yes
ac_cv_c_const=yes
ac_cv_env_CC_set=
ac_cv_env_CC_value=
ac_cv_env_CFLAGS_set=
ac_cv_env_CFLAGS_value=
ac_cv_env_CPPFLAGS_set=
ac_cv_env_CPPFLAGS_value=
ac_cv_env_CPP_set=
ac_cv_env_CPP_value=
ac_cv_env_LDFLAGS_set=
ac_cv_env_LDFLAGS_value=
ac_cv_env_LIBS_set=
ac_cv_env_LIBS_value=
ac_cv_env_build_alias_set=
ac_cv_env_build_alias_value=
ac_cv_env_host_alias_set=
ac_cv_env_host_alias_value=
ac_cv_env_target_alias_set=
ac_cv_env_target_alias_value=
ac_cv_header_inttypes_h=yes
ac_cv_header_memory_h=yes
ac_cv_header_stdc=yes
ac_cv_header_stdint_h=yes
ac_cv_header_stdlib_h=yes
ac_cv_header_string_h=yes
ac_cv_header_strings_h=yes
ac_cv_header_sys_stat_h=yes
ac_cv_header_sys_types_h=yes
ac_cv_header_unistd_h=yes
ac_cv_objext=o
ac_cv_path_EGREP='/bin/grep -E'
ac_cv_path_GREP=/bin/grep
ac_cv_path_install='/usr/bin/install -c'
ac_cv_path_mkdir=/bin/mkdir
ac_cv_prog_AWK=mawk
ac_cv_prog_CPP='gcc -E'
ac_cv_prog_ac_ct_CC=gcc
ac_cv_prog_cc_c89=
ac_cv_prog_cc_g=yes
ac_cv_prog_make_make_set=yes
am_cv_CC_dependencies_compiler_type=gcc3

## ----------------- ##
## Output variables. ##
## ----------------- ##

ACLOCAL='${SHELL} /home/upa/work/vxlan/missing --run aclocal-1.11'
AMDEPBACKSLASH='\'
AMDEP_FALSE='#'
AMDEP_TRUE=''
AMTAR='${SHELL} /home/upa/work/vxlan/missing --run tar'
AUTOCONF='${SHELL} /home/upa/work/vxlan/missing --run autoconf'
AUTOHEADER='${SHELL} /home/upa/work/vxlan/missing --run autoheader'
AUTOMAKE='${SHELL} /home/upa/work/vxlan/missing --run automake-1.11'
AWK='mawk'
CC='gcc'
CCDEPMODE='depmode=gcc3'
CFLAGS='-g -O2'
CPP='gcc -E'
CPPFLAGS=''
CYGPATH_W='echo'
DEBUG_FALSE=''
DEBUG_TRUE='#'
DEFS='-DHAVE_CONFIG_H'
DEPDIR='.deps'
ECHO_C=''
ECHO_N='-n'
ECHO_T=''
EGREP='/bin/grep -E'
EXEEXT=''
GREP='/bin/grep'
INSTALL_DATA='${INSTALL} -m 644'
INSTALL_PROGRAM='${INSTALL}'
INSTALL_SCRIPT='${INSTALL}'
INSTALL_STRIP_PROGRAM='$(install_sh) -c -s'
LDFLAGS=''
LIBOBJS=''
LIBS=''
LTLIBOBJS=''
MAKEINFO='${SHELL} /home/upa/work/vxlan/missing --run makeinfo'
MKDIR_P='/bin/mkdir -p'
OBJEXT='o'
PACKAGE='vxlan'
PACKAGE_BUGREPORT='bug@scyphus.co.jp'
PACKAGE_NAME='vxlan'
PACKAGE_STRING='vxlan 0.1.0'
PACKAGE_TARNAME='vxlan'
PACKAGE_URL=''
PACKAGE_VERSION='0.1.0'
PATH_SEPARATOR=':'
SET_MAKE=''
SHELL='/bin/bash'
STRIP=''
SUBDIRS=''
VERSION='0.1.0'
ac_ct_CC='gcc'
am__EXEEXT_FALSE=''
am__EXEEXT_TRUE='#'
am__fastdepCC_FALSE='#'
am__fastdepCC_TRUE=''
am__include='include'
am__isrc=''
am__leading_dot='.'
am__quote=''
am__tar='${AMTAR} chof - "$$tardir"'
am__untar='${AMTAR} xf -'
bindir='${exec_prefix}/bin'
build_alias=''
datadir='${datarootdir}'
datarootdir='${prefix}/share'
docdir='${datarootdir}/doc/${PACKAGE_TARNAME}'
dvidir='${docdir}'
exec_prefix='${prefix}'
host_alias=''
htmldir='${docdir}'
includedir='${prefix}/include'
infodir='${datarootdir}/info'
install_sh='${SHELL} /home/upa/work/vxlan/install-sh'
libdir='${exec_prefix}/lib'
libexecdir='${exec_prefix}/libexec'
localedir='${datarootdir}/locale'
localstatedir='${prefix}/var'
mandir='${datarootdir}/man'
mkdir_p='/bin/mkdir -p'
oldincludedir='/usr/include'
pdfdir='${docdir}'
prefix='/usr/local'
program_transform_name='s,x,x,'
psdir='${docdir}'
sbindir='${exec_prefix}/sbin'
sharedstatedir='${prefix}/com'
sysconfdir='${prefix}/etc'
target_alias=''

## ----------- ##
## confdefs.h. ##
## ----------- ##

/* confdefs.h */
#define PACKAGE_NAME "vxlan"
#define PACKAGE_TARNAME "vxlan"
#define PACKAGE_VERSION "0.1.0"
#define PACKAGE_STRING "vxlan 0.1.0"
#define PACKAGE_BUGREPORT "bug@scyphus.co.jp"
#define PACKAGE_URL ""
#define PACKAGE "vxlan"
#define VERSION "0.1.0"
#define STDC_HEADERS 1
#define HAVE_SYS_TYPES_H 1
#define HAVE_SYS_STAT_H 1
#define HAVE_STDLIB_H 1
#define HAVE_STRING_H 1
#define HAVE_MEMORY_H 1
#define HAVE_STRINGS_H 1
#define HAVE_INTTYPES_H 1
#define HAVE_STDINT_H 1
#define HAVE_UNISTD_H 1
#define HAVE_STDLIB_H 1

configure: exit 0
